0 568
1 632
2 896
3 596
4 635
5 688
6 562
7 651
8 625
9 577
10 909
11 707
12 991
13 547
14 781
15 806
16 851
17 822
18 839
19 882
20 918
21 915
22 509
23 595
24 870
25 668
26 597
27 947
28 516
29 564
30 964
31 936
32 504
33 940
34 901
35 528
36 928
37 986
38 895
39 919
40 619
41 756
42 968
43 931
44 736
45 647
46 729
47 743
48 809
49 996
50 690
51 675
52 981
53 553
54 917
55 563
56 867
57 969
58 710
59 701
60 977
61 559
62 712
63 930
64 720
65 694
66 767
67 654
68 853
69 541
70 608
71 749
72 527
73 502
74 650
75 626
76 672
77 630
78 829
79 754
80 792
81 838
82 836
83 925
84 610
85 513
86 708
87 842
88 874
89 592
90 521
91 609
92 500
93 561
94 741
95 897
96 666
97 614
98 777
99 783
100 873
101 548
102 511
103 966
104 537
105 572
106 786
107 545
108 907
109 953
110 721
111 821
112 735
113 616
114 860
115 875
116 795
117 832
118 825
119 638
120 952
121 883
122 962
123 526
124 514
125 793
126 555
127 831
128 980
129 762
130 658
131 865
132 671
133 802
134 587
135 567
136 634
137 926
138 764
139 745
140 684
141 834
142 893
143 794
144 557
145 664
146 869
147 717
148 591
149 560
150 772
151 641
152 590
153 566
154 892
155 835
156 681
157 716
158 593
159 679
160 861
161 773
162 815
163 615
164 946
165 575
166 733
167 780
168 649
169 954
170 748
171 629
172 905
173 659
174 644
175 788
176 519
177 510
178 713
179 742
180 908
181 501
182 770
183 613
184 871
185 904
186 702
187 667
188 956
189 971
190 941
191 837
192 755
193 719
194 979
195 529
196 633
197 989
198 766
199 951
200 728
201 524
202 857
203 768
204 606
205 631
206 877
207 678
208 506
209 828
210 814
211 820
212 852
213 805
214 983
215 879
216 816
217 950
218 761
219 975
220 929
221 812
222 799
223 589
224 640
225 894
226 709
227 847
228 845
229 775
230 787
231 903
232 789
233 522
234 945
235 540
236 810
237 523
238 958
239 652
240 605
241 914
242 990
243 797
244 807
245 740
246 661
247 765
248 574
249 583
250 687
251 790
252 580
253 960
254 627
255 784
256 997
257 642
258 939
259 750
260 844
261 571
262 887
263 779
264 911
265 576
266 603
267 898
268 751
269 752
270 579
271 734
272 683
273 724
274 503
275 538
276 846
277 944
278 900
279 924
280 542
281 758
282 693
283 646
284 967
285 737
286 601
287 731
288 662
289 999
290 881
291 637
292 705
293 551
294 827
295 808
296 621
297 888
298 598
299 636
300 863
301 843
302 943
303 696
304 935
305 677
306 655
307 697
308 913
309 703
310 698
311 878
312 665
313 803
314 558
315 818
316 718
317 774
318 864
319 727
320 858
321 988
322 791
323 921
324 512
325 515
326 826
327 536
328 738
329 800
330 841
331 849
332 549
333 937
334 546
335 507
336 856
337 982
338 700
339 680
340 543
341 993
342 992
343 569
344 689
345 505
346 854
347 531
348 753
349 586
350 578
351 995
352 611
353 534
354 823
355 584
356 565
357 959
358 933
359 585
360 623
361 711
362 850
363 695
364 570
365 922
366 804
367 813
368 819
369 868
370 948
371 550
372 757
373 824
374 817
375 660
376 885
377 972
378 998
379 612
380 699
381 604
382 759
383 691
384 554
385 923
386 730
387 607
388 771
389 912
390 599
391 862
392 747
393 556
394 848
395 533
396 965
397 639
398 798
399 891
400 902
401 976
402 725
403 938
404 880
405 617
406 704
407 544
408 656
409 648
410 692
411 582
412 715
413 653
414 830
415 760
416 942
417 961
418 573
419 670
420 588
421 602
422 876
423 916
424 620
425 663
426 746
427 535
428 706
429 890
430 723
431 624
432 973
433 801
434 910
435 866
436 594
437 517
438 776
439 685
440 906
441 682
442 532
443 676
444 963
445 955
446 978
447 949
448 785
449 884
450 932
451 859
452 618
453 520
454 739
455 920
456 934
457 525
458 994
459 622
460 686
461 518
462 657
463 643
464 899
465 769
466 530
467 645
468 782
469 886
470 722
471 855
472 872
473 763
474 552
475 796
476 726
477 669
478 628
479 744
480 714
481 970
482 581
483 927
484 508
485 987
486 539
487 840
488 889
489 811
490 732
491 673
492 674
493 985
494 974
495 833
496 957
497 984
498 778
499 600