0 3860
1 3104
2 3635
3 3091
4 3727
5 3396
6 4232
7 3024
8 4444
9 2638
10 3899
11 3361
12 4655
13 2711
14 3630
15 2958
16 4803
17 4992
18 3037
19 2556
20 4741
21 4812
22 3300
23 3769
24 3283
25 3448
26 4391
27 4436
28 3005
29 3380
30 4052
31 3436
32 2802
33 3427
34 3568
35 2536
36 4968
37 4521
38 4173
39 3755
40 4212
41 4620
42 2722
43 4641
44 4634
45 3729
46 3147
47 3672
48 4723
49 3728
50 4418
51 3250
52 4627
53 4018
54 2935
55 3898
56 3682
57 4023
58 3390
59 3537
60 4025
61 4795
62 4907
63 3285
64 4969
65 3555
66 3172
67 3141
68 4213
69 2725
70 3325
71 3720
72 3972
73 3869
74 4580
75 3610
76 4407
77 3523
78 4692
79 3744
80 4199
81 3647
82 3173
83 2873
84 3500
85 3044
86 4914
87 4931
88 2699
89 4453
90 3629
91 3658
92 4248
93 3689
94 4735
95 4721
96 4683
97 4678
98 3910
99 2803
100 2506
101 3764
102 4684
103 2581
104 4841
105 4996
106 4810
107 4680
108 3823
109 4004
110 2717
111 3441
112 4019
113 3964
114 3373
115 3683
116 3789
117 3248
118 3377
119 2712
120 3293
121 3800
122 3019
123 4690
124 4267
125 3219
126 4847
127 4789
128 4756
129 2653
130 4277
131 4046
132 4159
133 3066
134 4777
135 3816
136 4223
137 4594
138 3043
139 3613
140 3879
141 4263
142 4224
143 2686
144 4037
145 3336
146 4744
147 3324
148 2924
149 2669
150 3661
151 2693
152 3243
153 4636
154 4626
155 4428
156 2972
157 4534
158 3199
159 4040
160 3018
161 4502
162 4679
163 4801
164 4952
165 4002
166 3210
167 4107
168 3654
169 3651
170 4205
171 3883
172 4104
173 2568
174 2534
175 3943
176 3268
177 3571
178 3746
179 3032
180 3821
181 2596
182 3033
183 3695
184 3877
185 3408
186 3706
187 4183
188 2603
189 4970
190 4330
191 3454
192 2627
193 3178
194 3798
195 2831
196 4826
197 4068
198 4739
199 4350
200 4194
201 4260
202 3412
203 4933
204 4728
205 4990
206 4537
207 4252
208 3129
209 3378
210 3369
211 2708
212 3520
213 3251
214 3358
215 3162
216 3180
217 4910
218 3181
219 3924
220 4164
221 2503
222 4202
223 4772
224 2767
225 4331
226 4090
227 4829
228 2618
229 4864
230 2678
231 3120
232 4064
233 3397
234 2848
235 4524
236 3381
237 2705
238 3834
239 4254
240 3569
241 4038
242 3902
243 3109
244 4622
245 4506
246 2843
247 2764
248 4487
249 3745
250 4249
251 4848
252 3472
253 2942
254 2520
255 2645
256 4357
257 4142
258 3950
259 4160
260 3685
261 3168
262 4523
263 3513
264 3191
265 3622
266 2531
267 3021
268 4589
269 3284
270 2793
271 3991
272 4279
273 4836
274 3254
275 4519
276 4573
277 3041
278 3895
279 3422
280 4598
281 4697
282 2965
283 4356
284 3888
285 4170
286 3867
287 3552
288 2726
289 2684
290 3522
291 3997
292 3288
293 3731
294 4286
295 3169
296 4956
297 3684
298 3098
299 4319
300 4552
301 3965
302 3605
303 3070
304 2939
305 3807
306 2632
307 4058
308 3335
309 4911
310 3218
311 3383
312 2541
313 4017
314 4062
315 3918
316 4623
317 4954
318 3045
319 3923
320 2601
321 3678
322 2748
323 3589
324 3176
325 3735
326 2819
327 3188
328 3257
329 4102
330 2992
331 4210
332 3966
333 2588
334 2995
335 3878
336 4109
337 3153
338 3655
339 4140
340 2785
341 2909
342 3204
343 4963
344 2786
345 4449
346 3393
347 4172
348 3586
349 2584
350 3463
351 2859
352 3385
353 4276
354 2744
355 4850
356 2621
357 3538
358 2930
359 2888
360 3639
361 2548
362 2510
363 3108
364 4940
365 3247
366 4644
367 4792
368 3640
369 2753
370 3707
371 4099
372 4442
373 3265
374 4134
375 4725
376 2790
377 3510
378 3487
379 3608
380 2799
381 3835
382 3146
383 4950
384 4550
385 3035
386 2898
387 3890
388 2856
389 3969
390 3423
391 3073
392 2828
393 3747
394 3121
395 2817
396 2564
397 3868
398 3738
399 3343
400 4543
401 2835
402 4532
403 3362
404 4233
405 4193
406 2788
407 3363
408 3281
409 4392
410 3916
411 3055
412 3952
413 3914
414 3036
415 4443
416 2891
417 3725
418 3968
419 3852
420 4469
421 3065
422 3419
423 4619
424 3694
425 4565
426 2566
427 4379
428 3561
429 3388
430 3318
431 2997
432 4870
433 3460
434 4094
435 4752
436 4708
437 2617
438 4571
439 3846
440 4300
441 3636
442 3812
443 4714
444 4926
445 3103
446 4491
447 4495
448 4463
449 4538
450 3301
451 3290
452 3142
453 2625
454 4143
455 3643
456 3664
457 4646
458 3850
459 3211
460 4381
461 3825
462 2542
463 2806
464 3588
465 3197
466 4927
467 4872
468 3909
469 4808
470 4376
471 4299
472 2808
473 3865
474 4306
475 4722
476 4581
477 4694
478 4905
479 4225
480 4028
481 4457
482 3068
483 4648
484 4666
485 4734
486 4091
487 3289
488 3051
489 3539
490 4014
491 4715
492 4555
493 4672
494 2796
495 4458
496 4151
497 3774
498 4095
499 3450
500 4885
501 4889
502 3625
503 3790
504 2943
505 2747
506 3410
507 3814
508 4239
509 4367
510 4113
511 3587
512 4054
513 3648
514 4101
515 4981
516 3114
517 4492
518 2696
519 4181
520 4670
521 3650
522 3515
523 3531
524 4514
525 3476
526 2822
527 3857
528 4709
529 2998
530 4086
531 2775
532 3001
533 4912
534 3477
535 3053
536 4577
537 3240
538 4856
539 3201
540 3594
541 3314
542 3175
543 4072
544 3011
545 4536
546 2515
547 2590
548 4595
549 2575
550 4021
551 3279
552 4612
553 2736
554 3194
555 3391
556 4600
557 3220
558 3274
559 3458
560 3112
561 4584
562 4716
563 4941
564 3721
565 4704
566 3590
567 3893
568 3920
569 4124
570 3305
571 3470
572 3239
573 3480
574 4876
575 4339
576 3609
577 3767
578 2532
579 4363
580 3976
581 4804
582 3430
583 4231
584 3575
585 3262
586 4563
587 3956
588 4034
589 3440
590 3056
591 3406
592 4771
593 3679
594 2713
595 2986
596 3444
597 4767
598 3597
599 2970
600 3125
601 4943
602 3579
603 2991
604 4294
605 3863
606 3691
607 2918
608 3574
609 2718
610 2921
611 4986
612 4784
613 2608
614 4080
615 4677
616 2636
617 4691
618 3748
619 3887
620 3960
621 4649
622 4906
623 4268
624 3723
625 4861
626 2949
627 3271
628 3970
629 3479
630 4135
631 4547
632 4924
633 3382
634 3230
635 2795
636 4925
637 4036
638 3465
639 4437
640 3174
641 3550
642 3414
643 2774
644 3119
645 4964
646 4013
647 3518
648 2768
649 4153
650 4718
651 4394
652 3565
653 4441
654 4618
655 4459
656 4341
657 2656
658 2852
659 4307
660 3802
661 3048
662 3401
663 2745
664 4942
665 2988
666 4515
667 3963
668 3437
669 4174
670 3750
671 2643
672 4197
673 2821
674 3080
675 3546
676 4640
677 3273
678 3158
679 3576
680 3084
681 4717
682 4285
683 4158
684 3907
685 4317
686 4488
687 4065
688 3900
689 2661
690 4516
691 2948
692 3484
693 4798
694 3633
695 3086
696 2832
697 4011
698 3783
699 4365
700 3445
701 3974
702 4344
703 3527
704 2784
705 4603
706 4778
707 4787
708 4727
709 4903
710 2990
711 3078
712 3200
713 2674
714 4773
715 3592
716 4395
717 2791
718 2981
719 3090
720 3631
721 3452
722 4196
723 3756
724 3842
725 4304
726 4408
727 2552
728 4664
729 3025
730 4915
731 3349
732 4476
733 3193
734 4462
735 4707
736 3469
737 2689
738 3123
739 2940
740 4980
741 3122
742 3344
743 3566
744 4545
745 2535
746 4204
747 3570
748 4421
749 4824
750 3126
751 2860
752 3775
753 3557
754 3016
755 3577
756 3986
757 4386
758 3466
759 2875
760 4136
761 4629
762 4659
763 4967
764 4663
765 4609
766 4245
767 4184
768 4318
769 3521
770 4831
771 4327
772 3512
773 4681
774 3100
775 3781
776 3074
777 2773
778 4272
779 3886
780 3156
781 4668
782 2508
783 3511
784 4676
785 3749
786 3307
787 3424
788 3433
789 4243
790 2724
791 4349
792 3302
793 4539
794 3702
795 2769
796 3765
797 2952
798 2953
799 4820
800 3471
801 4530
802 3398
803 3572
804 2985
805 4858
806 4638
807 4630
808 3196
809 3089
810 3540
811 4562
812 4928
813 3010
814 4575
815 3252
816 2779
817 3743
818 2973
819 3277
820 3164
821 3578
822 3234
823 2562
824 2687
825 2660
826 3264
827 2728
828 2798
829 4427
830 3659
831 3905
832 2700
833 2657
834 4839
835 4397
836 4793
837 4280
838 4693
839 4504
840 4355
841 4039
842 3604
843 2907
844 2947
845 4742
846 2646
847 4186
848 4230
849 3226
850 3352
851 4055
852 4146
853 3666
854 3177
855 4454
856 4226
857 4898
858 4757
859 2861
860 2782
861 4208
862 4478
863 4456
864 3203
865 2633
866 4611
867 2957
868 3796
869 3317
870 3896
871 2758
872 3957
873 4977
874 2752
875 4171
876 3310
877 2855
878 4303
879 4238
880 4000
881 3961
882 2838
883 3360
884 3434
885 4435
886 2966
887 4270
888 4908
889 4966
890 3449
891 3131
892 3534
893 4484
894 3489
895 3811
896 4056
897 2851
898 2746
899 2579
900 4336
901 4032
902 3002
903 4764
904 4817
905 4227
906 3526
907 3505
908 2927
909 3973
910 4022
911 3768
912 4221
913 2676
914 4498
915 3787
916 4247
917 4100
918 4311
919 4467
920 2539
921 3697
922 2980
923 3975
924 3341
925 3777
926 3435
927 3372
928 4246
929 4178
930 4587
931 3977
932 4288
933 4687
934 3387
935 3339
936 3607
937 3306
938 2729
939 4422
940 4156
941 2811
942 3167
943 2675
944 3031
945 3151
946 4700
947 4383
948 3286
949 2546
950 4302
951 3152
952 3115
953 4957
954 3573
955 2716
956 4053
957 4733
958 4780
959 2723
960 4152
961 2824
962 4423
963 3598
964 3038
965 2587
966 2673
967 2893
968 2619
969 4602
970 3560
971 3617
972 3217
973 2946
974 4642
975 3496
976 2994
977 3322
978 3919
979 2800
980 3431
981 4396
982 3292
983 3409
984 4750
985 2589
986 4167
987 2580
988 4782
989 4921
990 4430
991 3870
992 3154
993 3135
994 3844
995 3227
996 4310
997 3223
998 3415
999 3105
1000 3092
1001 3701
1002 3641
1003 4743
1004 2628
1005 2823
1006 4325
1007 4874
1008 3483
1009 3799
1010 3039
1011 3451
1012 3740
1013 4875
1014 4503
1015 2668
1016 4901
1017 2624
1018 3215
1019 4281
1020 2695
1021 4790
1022 4971
1023 3602
1024 4840
1025 2654
1026 3309
1027 3085
1028 2944
1029 3742
1030 4617
1031 3562
1032 4042
1033 4269
1034 2951
1035 4568
1036 4866
1037 3927
1038 3495
1039 2721
1040 4635
1041 3859
1042 4119
1043 4234
1044 3315
1045 4825
1046 3059
1047 2583
1048 3447
1049 4796
1050 4123
1051 4114
1052 3998
1053 3028
1054 3718
1055 3270
1056 4131
1057 3499
1058 3012
1059 4597
1060 2703
1061 3871
1062 2910
1063 4736
1064 4946
1065 3548
1066 3213
1067 4766
1068 3687
1069 2879
1070 2551
1071 3187
1072 3739
1073 2937
1074 3614
1075 3370
1076 2829
1077 3467
1078 4187
1079 4695
1080 3530
1081 2883
1082 3316
1083 4897
1084 3082
1085 4382
1086 4380
1087 3095
1088 3677
1089 2576
1090 3334
1091 3813
1092 4929
1093 4320
1094 3897
1095 4653
1096 4005
1097 4991
1098 2877
1099 3040
1100 2858
1101 4570
1102 3272
1103 3836
1104 4865
1105 3525
1106 3071
1107 3494
1108 4706
1109 3000
1110 3788
1111 4168
1112 4097
1113 2655
1114 4360
1115 2585
1116 4328
1117 4965
1118 2889
1119 3872
1120 4930
1121 3945
1122 4842
1123 4377
1124 2591
1125 2896
1126 3259
1127 3244
1128 3741
1129 4138
1130 4256
1131 2759
1132 4471
1133 4472
1134 3149
1135 4614
1136 3949
1137 4179
1138 2592
1139 3222
1140 3908
1141 2651
1142 2901
1143 4148
1144 3862
1145 3519
1146 2911
1147 4959
1148 3298
1149 3668
1150 2509
1151 3228
1152 4257
1153 3113
1154 4108
1155 2968
1156 3192
1157 3503
1158 4354
1159 4785
1160 3670
1161 4450
1162 4292
1163 4390
1164 3263
1165 3354
1166 4378
1167 3705
1168 3953
1169 4886
1170 2543
1171 4044
1172 4387
1173 3981
1174 3619
1175 3806
1176 4985
1177 3102
1178 2841
1179 4329
1180 2872
1181 4445
1182 3686
1183 2533
1184 2570
1185 4047
1186 2818
1187 3716
1188 2780
1189 4403
1190 4128
1191 2920
1192 2792
1193 4895
1194 4513
1195 4486
1196 2557
1197 3994
1198 3751
1199 4923
1200 4567
1201 4674
1202 3413
1203 4658
1204 2559
1205 4372
1206 3384
1207 4989
1208 2974
1209 2945
1210 3403
1211 2540
1212 3426
1213 4315
1214 2518
1215 2810
1216 2776
1217 4448
1218 4489
1219 4762
1220 2606
1221 4088
1222 2830
1223 3649
1224 4938
1225 4588
1226 4029
1227 3934
1228 4747
1229 3584
1230 4278
1231 4163
1232 4271
1233 2895
1234 3760
1235 4892
1236 3901
1237 3256
1238 3759
1239 3093
1240 4596
1241 3827
1242 4412
1243 4258
1244 2647
1245 4703
1246 2772
1247 4593
1248 3140
1249 3795
1250 4877
1251 3533
1252 3984
1253 3245
1254 2931
1255 3904
1256 4951
1257 2801
1258 4228
1259 3498
1260 3645
1261 4301
1262 3442
1263 3077
1264 4997
1265 3421
1266 3275
1267 4868
1268 3276
1269 2670
1270 4165
1271 4337
1272 4802
1273 3993
1274 3462
1275 4729
1276 2527
1277 3418
1278 4129
1279 3982
1280 4368
1281 2849
1282 2694
1283 2595
1284 3596
1285 3819
1286 4229
1287 3680
1288 2698
1289 4209
1290 4554
1291 3411
1292 3280
1293 3160
1294 3400
1295 2904
1296 4474
1297 2894
1298 4112
1299 3980
1300 3855
1301 3906
1302 3296
1303 4244
1304 3395
1305 4891
1306 3730
1307 4297
1308 3022
1309 2666
1310 3553
1311 2529
1312 3312
1313 4582
1314 3733
1315 3958
1316 3646
1317 4364
1318 2903
1319 3938
1320 3060
1321 4737
1322 2737
1323 3072
1324 3995
1325 2928
1326 2809
1327 3544
1328 3928
1329 2671
1330 3329
1331 2505
1332 4075
1333 2983
1334 3591
1335 2993
1336 4137
1337 4751
1338 3623
1339 4001
1340 4041
1341 2525
1342 3261
1343 4289
1344 4955
1345 3929
1346 4851
1347 2574
1348 3015
1349 3183
1350 4045
1351 4862
1352 3693
1353 3212
1354 3889
1355 4647
1356 3249
1357 4149
1358 2963
1359 3853
1360 4855
1361 3903
1362 2707
1363 4590
1364 4085
1365 4893
1366 3130
1367 2978
1368 3758
1369 3665
1370 4922
1371 4259
1372 4111
1373 4424
1374 4511
1375 4880
1376 4195
1377 4976
1378 3488
1379 2760
1380 2524
1381 2611
1382 3206
1383 4788
1384 4447
1385 3930
1386 3323
1387 4127
1388 4919
1389 4863
1390 3662
1391 3884
1392 2926
1393 2667
1394 2560
1395 4253
1396 2750
1397 2967
1398 4994
1399 3700
1400 4799
1401 3202
1402 3453
1403 4429
1404 4639
1405 3046
1406 2844
1407 2549
1408 2740
1409 3688
1410 4542
1411 4578
1412 3198
1413 4016
1414 4702
1415 3734
1416 4811
1417 4266
1418 3094
1419 3111
1420 2989
1421 3143
1422 2641
1423 3087
1424 4988
1425 4371
1426 4026
1427 3321
1428 4731
1429 3559
1430 2616
1431 2960
1432 2652
1433 3375
1434 3543
1435 3726
1436 4608
1437 3785
1438 3058
1439 2735
1440 4867
1441 4656
1442 3805
1443 3771
1444 2880
1445 4776
1446 4291
1447 3020
1448 4974
1449 4760
1450 3221
1451 4783
1452 3332
1453 4696
1454 4369
1455 2519
1456 4009
1457 4518
1458 4528
1459 4781
1460 3253
1461 2874
1462 4218
1463 4359
1464 3128
1465 4103
1466 3356
1467 4373
1468 4215
1469 2685
1470 4126
1471 4400
1472 2623
1473 2964
1474 3626
1475 3786
1476 4606
1477 3269
1478 4805
1479 3939
1480 4713
1481 4809
1482 4366
1483 4566
1484 3144
1485 3724
1486 2756
1487 4433
1488 2766
1489 4860
1490 2743
1491 4818
1492 3657
1493 3621
1494 3207
1495 3134
1496 2866
1497 2635
1498 3882
1499 4089
1500 2644
1501 2530
1502 4510
1503 4122
1504 3838
1505 2925
1506 2869
1507 3013
1508 4753
1509 4169
1510 3233
1511 2763
1512 2679
1513 4425
1514 4576
1515 3892
1516 4069
1517 2692
1518 3365
1519 2738
1520 4583
1521 2582
1522 4579
1523 2905
1524 3840
1525 2521
1526 3502
1527 4853
1528 3761
1529 4500
1530 2857
1531 4559
1532 3517
1533 3331
1534 3848
1535 4529
1536 4298
1537 2936
1538 2612
1539 4079
1540 3443
1541 4059
1542 2815
1543 4125
1544 3913
1545 3987
1546 2727
1547 4645
1548 3545
1549 4918
1550 3762
1551 3917
1552 4979
1553 2863
1554 4189
1555 4797
1556 4823
1557 4071
1558 4887
1559 2681
1560 2609
1561 3461
1562 3634
1563 3822
1564 2511
1565 3815
1566 2922
1567 2847
1568 4405
1569 3357
1570 3386
1571 4962
1572 4063
1573 3163
1574 3355
1575 2555
1576 4480
1577 2890
1578 3792
1579 4024
1580 2865
1581 2846
1582 3182
1583 3439
1584 4222
1585 3567
1586 2607
1587 2710
1588 4947
1589 3133
1590 3101
1591 4384
1592 4698
1593 3319
1594 4420
1595 3766
1596 3501
1597 2916
1598 4633
1599 3528
1600 3941
1601 2605
1602 3255
1603 2923
1604 4410
1605 3699
1606 4632
1607 4440
1608 3894
1609 4020
1610 3810
1611 3583
1612 3506
1613 3457
1614 3541
1615 4774
1616 2913
1617 4599
1618 4275
1619 4351
1620 3849
1621 4505
1622 4262
1623 4574
1624 2512
1625 3490
1626 3996
1627 4949
1628 4255
1629 4211
1630 2881
1631 3944
1632 4051
1633 4333
1634 2649
1635 2571
1636 4470
1637 4561
1638 4748
1639 4240
1640 2816
1641 2897
1642 4794
1643 2659
1644 3029
1645 3297
1646 3368
1647 3478
1648 4661
1649 4031
1650 2513
1651 4958
1652 3675
1653 3364
1654 3624
1655 3681
1656 4888
1657 2662
1658 3933
1659 2538
1660 4188
1661 3003
1662 4551
1663 3866
1664 2599
1665 4613
1666 4236
1667 2919
1668 2563
1669 3549
1670 3831
1671 4389
1672 2751
1673 3732
1674 2545
1675 2956
1676 4894
1677 4586
1678 3736
1679 3229
1680 4282
1681 2702
1682 2593
1683 2610
1684 4406
1685 3948
1686 2885
1687 4116
1688 3132
1689 2598
1690 3157
1691 4726
1692 4105
1693 3830
1694 4464
1695 4438
1696 3327
1697 2757
1698 4494
1699 3585
1700 4419
1701 4807
1702 3216
1703 4591
1704 3405
1705 3967
1706 2658
1707 4477
1708 2876
1709 4353
1710 4312
1711 4936
1712 3620
1713 3027
1714 4879
1715 4265
1716 4398
1717 3611
1718 3507
1719 4087
1720 3754
1721 2825
1722 4791
1723 4388
1724 4479
1725 3468
1726 3475
1727 4643
1728 3864
1729 3241
1730 2709
1731 4569
1732 4843
1733 4273
1734 2573
1735 3979
1736 3170
1737 3925
1738 4671
1739 2917
1740 3832
1741 4050
1742 4404
1743 4605
1744 3676
1745 2565
1746 3079
1747 3803
1748 2634
1749 4512
1750 3246
1751 2839
1752 3854
1753 3429
1754 4216
1755 4902
1756 3459
1757 2789
1758 4533
1759 4466
1760 4909
1761 3524
1762 3139
1763 2826
1764 4501
1765 4323
1766 4669
1767 3291
1768 2602
1769 4110
1770 4426
1771 2558
1772 4201
1773 2553
1774 4830
1775 4154
1776 4324
1777 3326
1778 3428
1779 3773
1780 4604
1781 4815
1782 3703
1783 3117
1784 3696
1785 3698
1786 4682
1787 3737
1788 3817
1789 3214
1790 4007
1791 4293
1792 3313
1793 4081
1794 3715
1795 3464
1796 2620
1797 3845
1798 4654
1799 3988
1800 3186
1801 4854
1802 3242
1803 3420
1804 2561
1805 4816
1806 4316
1807 4585
1808 4673
1809 2697
1810 4431
1811 2941
1812 4657
1813 2778
1814 3416
1815 3606
1816 4061
1817 4035
1818 2814
1819 4415
1820 4287
1821 2704
1822 3692
1823 3999
1824 4242
1825 4896
1826 3599
1827 2867
1828 3778
1829 3189
1830 4822
1831 4074
1832 2577
1833 4541
1834 3267
1835 3535
1836 2938
1837 4413
1838 2572
1839 3873
1840 3784
1841 4761
1842 4746
1843 4003
1844 4531
1845 4008
1846 3932
1847 4665
1848 4067
1849 4241
1850 3652
1851 3942
1852 3330
1853 3926
1854 3353
1855 4446
1856 3150
1857 3841
1858 3551
1859 3342
1860 3009
1861 2569
1862 4846
1863 3473
1864 2690
1865 3536
1866 4631
1867 4185
1868 2929
1869 3638
1870 2777
1871 4637
1872 3797
1873 4192
1874 3096
1875 3516
1876 2642
1877 3346
1878 2682
1879 4309
1880 3118
1881 2908
1882 3722
1883 4651
1884 2680
1885 4176
1886 3238
1887 3491
1888 4540
1889 4417
1890 3017
1891 3600
1892 3232
1893 4828
1894 4973
1895 3912
1896 3402
1897 4251
1898 3989
1899 3083
1900 3394
1901 3616
1902 3847
1903 4615
1904 4904
1905 4701
1906 3922
1907 3195
1908 3632
1909 4409
1910 4452
1911 3839
1912 3351
1913 4652
1914 2884
1915 4978
1916 3971
1917 4913
1918 4592
1919 3042
1920 3985
1921 4145
1922 4033
1923 4076
1924 4821
1925 4083
1926 2813
1927 4348
1928 4200
1929 2640
1930 2781
1931 3673
1932 4525
1933 4508
1934 2794
1935 3474
1936 4755
1937 4115
1938 3660
1939 2648
1940 4517
1941 3826
1942 4493
1943 2842
1944 3793
1945 4548
1946 3581
1947 3304
1948 4884
1949 3829
1950 3347
1951 4073
1952 4180
1953 3954
1954 2862
1955 3637
1956 3303
1957 4546
1958 3601
1959 4092
1960 4434
1961 3148
1962 2714
1963 4982
1964 4998
1965 4667
1966 4724
1967 4730
1968 3962
1969 4935
1970 3075
1971 2902
1972 3875
1973 3455
1974 4675
1975 2887
1976 4710
1977 4475
1978 4295
1979 4960
1980 2761
1981 2854
1982 3481
1983 4490
1984 2578
1985 4139
1986 4732
1987 3050
1988 3308
1989 3062
1990 2878
1991 3880
1992 4343
1993 4699
1994 2516
1995 3287
1996 4688
1997 2804
1998 2961
1999 2614
2000 4819
2001 4871
2002 2914
2003 4106
2004 2955
2005 4313
2006 2523
2007 4779
2008 3779
2009 2730
2010 3237
2011 3337
2012 4296
2013 4027
2014 4483
2015 3951
2016 4720
2017 4900
2018 4838
2019 4015
2020 4190
2021 3911
2022 4347
2023 4342
2024 2597
2025 4769
2026 4049
2027 3407
2028 3282
2029 2622
2030 2567
2031 4786
2032 3595
2033 4497
2034 4335
2035 2739
2036 4526
2037 3493
2038 3486
2039 4326
2040 2639
2041 3320
2042 3258
2043 4048
2044 3124
2045 3935
2046 2507
2047 2770
2048 3710
2049 3034
2050 3653
2051 4155
2052 4527
2053 4098
2054 3504
2055 4340
2056 3099
2057 3340
2058 4844
2059 4346
2060 4765
2061 2797
2062 3107
2063 2853
2064 2787
2065 3404
2066 2755
2067 4995
2068 3532
2069 3554
2070 2749
2071 3374
2072 3828
2073 2962
2074 4749
2075 4057
2076 2631
2077 3052
2078 2604
2079 4264
2080 3582
2081 4485
2082 2845
2083 3843
2084 3946
2085 4610
2086 3837
2087 3642
2088 3824
2089 4439
2090 2827
2091 3667
2092 4948
2093 4758
2094 3116
2095 4455
2096 2715
2097 2812
2098 4882
2099 3891
2100 3161
2101 3328
2102 2836
2103 3931
2104 3137
2105 4754
2106 3674
2107 2999
2108 3556
2109 4374
2110 4084
2111 4557
2112 4993
2113 4332
2114 4220
2115 4601
2116 2977
2117 3014
2118 3432
2119 3224
2120 4157
2121 3006
2122 3752
2123 2899
2124 3713
2125 3881
2126 4093
2127 3225
2128 2892
2129 3983
2130 4308
2131 4837
2132 3801
2133 3628
2134 3529
2135 3704
2136 4161
2137 4987
2138 4352
2139 4012
2140 4078
2141 3833
2142 4944
2143 2984
2144 4625
2145 3106
2146 4621
2147 3376
2148 3514
2149 2771
2150 2783
2151 2672
2152 3712
2153 4660
2154 4141
2155 3509
2156 4130
2157 2537
2158 3804
2159 2501
2160 3580
2161 4662
2162 4162
2163 2834
2164 4461
2165 2754
2166 2734
2167 4983
2168 3205
2169 3185
2170 2554
2171 3417
2172 3088
2173 2544
2174 3333
2175 3345
2176 3155
2177 3644
2178 3940
2179 3955
2180 4385
2181 2996
2182 4945
2183 3030
2184 4849
2185 2528
2186 3603
2187 4869
2188 3627
2189 4144
2190 4712
2191 4845
2192 2626
2193 4175
2194 3359
2195 3026
2196 3990
2197 3067
2198 3311
2199 4214
2200 4283
2201 3057
2202 2719
2203 3171
2204 4499
2205 3456
2206 3260
2207 3379
2208 4132
2209 4572
2210 3663
2211 3371
2212 3921
2213 2900
2214 3508
2215 4182
2216 4832
2217 4322
2218 3063
2219 3671
2220 3757
2221 3947
2222 4520
2223 4975
2224 2665
2225 2663
2226 3399
2227 3061
2228 3138
2229 4607
2230 4198
2231 4133
2232 3708
2233 3166
2234 4416
2235 4939
2236 3593
2237 4334
2238 4852
2239 3278
2240 3690
2241 3563
2242 2594
2243 4077
2244 4616
2245 4859
2246 2840
2247 2765
2248 4953
2249 2550
2250 4650
2251 3719
2252 2637
2253 4535
2254 4345
2255 2677
2256 3776
2257 4411
2258 2912
2259 3294
2260 4362
2261 2742
2262 3885
2263 3820
2264 2833
2265 2514
2266 3809
2267 4740
2268 3110
2269 4401
2270 2837
2271 2731
2272 2522
2273 2691
2274 2870
2275 4509
2276 4206
2277 4719
2278 4217
2279 4203
2280 4560
2281 4917
2282 3937
2283 4207
2284 2882
2285 4937
2286 4338
2287 4096
2288 2629
2289 2805
2290 2850
2291 4006
2292 4881
2293 3876
2294 4835
2295 2969
2296 3794
2297 3145
2298 4770
2299 3438
2300 3047
2301 4314
2302 3190
2303 4857
2304 3858
2305 4624
2306 3763
2307 4738
2308 3076
2309 2504
2310 4375
2311 3615
2312 4558
2313 2720
2314 3295
2315 3184
2316 4274
2317 4465
2318 2526
2319 4147
2320 4060
2321 3992
2322 4745
2323 3851
2324 2933
2325 3861
2326 3231
2327 4120
2328 3392
2329 3856
2330 3791
2331 3564
2332 4827
2333 3023
2334 4890
2335 3782
2336 4451
2337 4553
2338 4883
2339 2979
2340 4814
2341 4961
2342 2864
2343 3492
2344 2976
2345 4473
2346 4705
2347 4522
2348 3049
2349 3338
2350 4235
2351 4010
2352 2807
2353 3612
2354 4468
2355 3542
2356 3446
2357 3497
2358 2868
2359 4556
2360 3770
2361 4321
2362 4070
2363 4984
2364 3753
2365 4685
2366 2982
2367 2871
2368 4873
2369 4768
2370 4082
2371 3235
2372 4261
2373 2932
2374 3064
2375 3136
2376 3159
2377 3808
2378 4177
2379 4711
2380 4118
2381 3818
2382 4759
2383 3780
2384 4030
2385 4432
2386 4284
2387 3656
2388 4686
2389 3936
2390 3350
2391 3007
2392 4414
2393 4066
2394 3618
2395 2975
2396 4544
2397 3367
2398 4934
2399 4999
2400 2959
2401 3482
2402 4460
2403 2683
2404 4117
2405 4166
2406 3978
2407 3669
2408 4813
2409 4305
2410 3547
2411 3711
2412 2502
2413 2517
2414 4916
2415 3772
2416 4481
2417 3008
2418 2733
2419 3714
2420 4482
2421 2915
2422 3127
2423 4763
2424 2706
2425 4972
2426 4920
2427 4775
2428 4219
2429 3389
2430 2886
2431 2688
2432 4833
2433 4834
2434 4402
2435 3209
2436 2971
2437 4689
2438 2954
2439 3425
2440 3266
2441 4393
2442 3236
2443 2650
2444 2741
2445 2615
2446 2934
2447 4549
2448 2500
2449 2820
2450 3208
2451 2630
2452 2762
2453 2600
2454 4361
2455 4496
2456 3485
2457 4043
2458 4899
2459 3054
2460 4564
2461 3558
2462 2950
2463 4932
2464 3097
2465 3959
2466 4237
2467 2547
2468 4806
2469 3348
2470 3717
2471 4290
2472 2732
2473 4191
2474 3081
2475 4399
2476 4358
2477 4121
2478 2906
2479 3004
2480 4370
2481 4507
2482 4878
2483 3069
2484 2664
2485 3165
2486 2701
2487 4150
2488 2987
2489 3299
2490 3709
2491 3366
2492 3915
2493 4800
2494 2613
2495 4628
2496 3179
2497 4250
2498 3874
2499 2586
